<?xml version="1.0" encoding="UTF-8"?>
<testng-results ignored="0" total="1" passed="1" failed="0" skipped="0">
  <reporter-output>
  </reporter-output>
  <suite started-at="2026-05-17T12:43:44 PKT" name="Default suite" finished-at="2026-05-17T12:44:41 PKT" duration-ms="57403">
    <groups>
    </groups>
    <test started-at="2026-05-17T12:43:44 PKT" name="Default test" finished-at="2026-05-17T12:44:41 PKT" duration-ms="57403">
      <class name="SeleniumTests.JenkinsTest">
        <test-method signature="testAutomation()[pri:0, instance:SeleniumTests.JenkinsTest@7e07db1f]" started-at="2026-05-17T12:43:44 PKT" name="testAutomation" finished-at="2026-05-17T12:44:41 PKT" duration-ms="57341" status="PASS">
          <reporter-output>
          </reporter-output>
        </test-method> <!-- testAutomation -->
      </class> <!-- SeleniumTests.JenkinsTest -->
    </test> <!-- Default test -->
  </suite> <!-- Default suite -->
</testng-results>
